[2015-09-28 08:55:09,614] <launcher-ui> INFO  launcher - Initializing UniFi Controller ...
[2015-09-28 08:55:09,893] <launcher-monitor> INFO  launcher - Starting UniFi Controller ...
[2015-09-28 08:55:09,896] <unifi-monitor> INFO  launcher - service_loop()
[2015-09-28 08:55:09,919] <UniFi> ERROR system - [exec] error, rc=1, output=Error: Unable to access jarfile /Users/jlecour/Sandbox/jlecour/elixir-getting-started/kv/lib/ace.jar
[2015-09-28 08:55:10,914] <UniFi> ERROR system - [exec] error, rc=1, output=Error: Unable to access jarfile /Users/jlecour/Sandbox/jlecour/elixir-getting-started/kv/lib/ace.jar
[2015-09-28 08:55:11,917] <UniFi> ERROR system - [exec] error, rc=1, output=Error: Unable to access jarfile /Users/jlecour/Sandbox/jlecour/elixir-getting-started/kv/lib/ace.jar
[2015-09-28 08:55:12,923] <UniFi> ERROR system - [exec] error, rc=1, output=Error: Unable to access jarfile /Users/jlecour/Sandbox/jlecour/elixir-getting-started/kv/lib/ace.jar
[2015-09-28 08:55:13,927] <UniFi> ERROR system - [exec] error, rc=1, output=Error: Unable to access jarfile /Users/jlecour/Sandbox/jlecour/elixir-getting-started/kv/lib/ace.jar
[2015-09-28 08:55:14,938] <UniFi> ERROR system - [exec] error, rc=1, output=
[2015-09-28 08:55:15,938] <UniFi> ERROR system - [exec] error, rc=1, output=Error: Unable to access jarfile /Users/jlecour/Sandbox/jlecour/elixir-getting-started/kv/lib/ace.jar
[2015-09-28 08:55:16,938] <UniFi> ERROR system - [exec] error, rc=1, output=Error: Unable to access jarfile /Users/jlecour/Sandbox/jlecour/elixir-getting-started/kv/lib/ace.jar
[2015-09-28 08:55:17,949] <UniFi> ERROR system - [exec] error, rc=1, output=Error: Unable to access jarfile /Users/jlecour/Sandbox/jlecour/elixir-getting-started/kv/lib/ace.jar
[2015-09-28 08:55:18,946] <UniFi> ERROR system - [exec] error, rc=1, output=Error: Unable to access jarfile /Users/jlecour/Sandbox/jlecour/elixir-getting-started/kv/lib/ace.jar
[2015-09-28 08:55:19,950] <UniFi> ERROR system - [exec] error, rc=1, output=Error: Unable to access jarfile /Users/jlecour/Sandbox/jlecour/elixir-getting-started/kv/lib/ace.jar
[2015-09-28 08:55:20,954] <UniFi> ERROR system - [exec] error, rc=1, output=Error: Unable to access jarfile /Users/jlecour/Sandbox/jlecour/elixir-getting-started/kv/lib/ace.jar
[2015-09-28 08:55:21,960] <UniFi> ERROR system - [exec] error, rc=1, output=Error: Unable to access jarfile /Users/jlecour/Sandbox/jlecour/elixir-getting-started/kv/lib/ace.jar
[2015-09-28 08:55:22,964] <UniFi> ERROR system - [exec] error, rc=1, output=Error: Unable to access jarfile /Users/jlecour/Sandbox/jlecour/elixir-getting-started/kv/lib/ace.jar
[2015-09-28 08:55:23,970] <UniFi> ERROR system - [exec] error, rc=1, output=Error: Unable to access jarfile /Users/jlecour/Sandbox/jlecour/elixir-getting-started/kv/lib/ace.jar
[2015-09-28 08:55:24,971] <UniFi> ERROR system - [exec] error, rc=1, output=Error: Unable to access jarfile /Users/jlecour/Sandbox/jlecour/elixir-getting-started/kv/lib/ace.jar
[2015-09-28 08:55:25,978] <UniFi> ERROR system - [exec] error, rc=1, output=Error: Unable to access jarfile /Users/jlecour/Sandbox/jlecour/elixir-getting-started/kv/lib/ace.jar
[2015-09-28 08:55:26,981] <UniFi> ERROR system - [exec] error, rc=1, output=Error: Unable to access jarfile /Users/jlecour/Sandbox/jlecour/elixir-getting-started/kv/lib/ace.jar
[2015-09-28 08:55:27,983] <UniFi> ERROR system - [exec] error, rc=1, output=Error: Unable to access jarfile /Users/jlecour/Sandbox/jlecour/elixir-getting-started/kv/lib/ace.jar
[2015-09-28 08:55:28,988] <UniFi> ERROR system - [exec] error, rc=1, output=Error: Unable to access jarfile /Users/jlecour/Sandbox/jlecour/elixir-getting-started/kv/lib/ace.jar
[2015-09-28 08:55:29,990] <UniFi> ERROR system - [exec] error, rc=1, output=Error: Unable to access jarfile /Users/jlecour/Sandbox/jlecour/elixir-getting-started/kv/lib/ace.jar
[2015-09-28 08:55:30,996] <UniFi> ERROR system - [exec] error, rc=1, output=Error: Unable to access jarfile /Users/jlecour/Sandbox/jlecour/elixir-getting-started/kv/lib/ace.jar
[2015-09-28 08:55:31,999] <UniFi> ERROR system - [exec] error, rc=1, output=Error: Unable to access jarfile /Users/jlecour/Sandbox/jlecour/elixir-getting-started/kv/lib/ace.jar
[2015-09-28 08:55:33,003] <UniFi> ERROR system - [exec] error, rc=1, output=Error: Unable to access jarfile /Users/jlecour/Sandbox/jlecour/elixir-getting-started/kv/lib/ace.jar
[2015-09-28 08:55:34,003] <UniFi> ERROR system - [exec] error, rc=1, output=Error: Unable to access jarfile /Users/jlecour/Sandbox/jlecour/elixir-getting-started/kv/lib/ace.jar
[2015-09-28 08:55:35,004] <UniFi> ERROR system - [exec] error, rc=1, output=Error: Unable to access jarfile /Users/jlecour/Sandbox/jlecour/elixir-getting-started/kv/lib/ace.jar
[2015-09-28 08:55:36,009] <UniFi> ERROR system - [exec] error, rc=1, output=Error: Unable to access jarfile /Users/jlecour/Sandbox/jlecour/elixir-getting-started/kv/lib/ace.jar
[2015-09-28 08:55:37,013] <UniFi> ERROR system - [exec] error, rc=1, output=Error: Unable to access jarfile /Users/jlecour/Sandbox/jlecour/elixir-getting-started/kv/lib/ace.jar
[2015-09-28 08:55:38,013] <UniFi> ERROR system - [exec] error, rc=1, output=Error: Unable to access jarfile /Users/jlecour/Sandbox/jlecour/elixir-getting-started/kv/lib/ace.jar
[2015-09-28 08:55:39,017] <UniFi> ERROR system - [exec] error, rc=1, output=Error: Unable to access jarfile /Users/jlecour/Sandbox/jlecour/elixir-getting-started/kv/lib/ace.jar
[2015-09-28 08:55:40,023] <UniFi> ERROR system - [exec] error, rc=1, output=Error: Unable to access jarfile /Users/jlecour/Sandbox/jlecour/elixir-getting-started/kv/lib/ace.jar
[2015-09-28 08:55:41,026] <UniFi> ERROR system - [exec] error, rc=1, output=Error: Unable to access jarfile /Users/jlecour/Sandbox/jlecour/elixir-getting-started/kv/lib/ace.jar
[2015-09-28 08:55:42,027] <UniFi> ERROR system - [exec] error, rc=1, output=Error: Unable to access jarfile /Users/jlecour/Sandbox/jlecour/elixir-getting-started/kv/lib/ace.jar
[2015-09-28 08:55:43,028] <UniFi> ERROR system - [exec] error, rc=1, output=Error: Unable to access jarfile /Users/jlecour/Sandbox/jlecour/elixir-getting-started/kv/lib/ace.jar
[2015-09-28 08:55:44,030] <UniFi> ERROR system - [exec] error, rc=1, output=Error: Unable to access jarfile /Users/jlecour/Sandbox/jlecour/elixir-getting-started/kv/lib/ace.jar
[2015-09-28 08:55:45,031] <UniFi> ERROR system - [exec] error, rc=1, output=Error: Unable to access jarfile /Users/jlecour/Sandbox/jlecour/elixir-getting-started/kv/lib/ace.jar
[2015-09-28 08:55:46,036] <UniFi> ERROR system - [exec] error, rc=1, output=Error: Unable to access jarfile /Users/jlecour/Sandbox/jlecour/elixir-getting-started/kv/lib/ace.jar
[2015-09-28 08:55:47,039] <UniFi> ERROR system - [exec] error, rc=1, output=Error: Unable to access jarfile /Users/jlecour/Sandbox/jlecour/elixir-getting-started/kv/lib/ace.jar
[2015-09-28 08:55:48,043] <UniFi> ERROR system - [exec] error, rc=1, output=Error: Unable to access jarfile /Users/jlecour/Sandbox/jlecour/elixir-getting-started/kv/lib/ace.jar
[2015-09-28 08:55:49,049] <UniFi> ERROR system - [exec] error, rc=1, output=Error: Unable to access jarfile /Users/jlecour/Sandbox/jlecour/elixir-getting-started/kv/lib/ace.jar
[2015-09-28 08:55:50,047] <UniFi> ERROR system - [exec] error, rc=1, output=Error: Unable to access jarfile /Users/jlecour/Sandbox/jlecour/elixir-getting-started/kv/lib/ace.jar
[2015-09-28 08:55:51,047] <UniFi> ERROR system - [exec] error, rc=1, output=Error: Unable to access jarfile /Users/jlecour/Sandbox/jlecour/elixir-getting-started/kv/lib/ace.jar
[2015-09-28 08:55:52,051] <UniFi> ERROR system - [exec] error, rc=1, output=Error: Unable to access jarfile /Users/jlecour/Sandbox/jlecour/elixir-getting-started/kv/lib/ace.jar
[2015-09-28 08:55:53,051] <UniFi> ERROR system - [exec] error, rc=1, output=Error: Unable to access jarfile /Users/jlecour/Sandbox/jlecour/elixir-getting-started/kv/lib/ace.jar
[2015-09-28 08:55:54,057] <UniFi> ERROR system - [exec] error, rc=1, output=Error: Unable to access jarfile /Users/jlecour/Sandbox/jlecour/elixir-getting-started/kv/lib/ace.jar
[2015-09-28 08:55:55,063] <UniFi> ERROR system - [exec] error, rc=1, output=Error: Unable to access jarfile /Users/jlecour/Sandbox/jlecour/elixir-getting-started/kv/lib/ace.jar
[2015-09-28 08:55:56,061] <UniFi> ERROR system - [exec] error, rc=1, output=Error: Unable to access jarfile /Users/jlecour/Sandbox/jlecour/elixir-getting-started/kv/lib/ace.jar
[2015-09-28 08:55:57,068] <UniFi> ERROR system - [exec] error, rc=1, output=Error: Unable to access jarfile /Users/jlecour/Sandbox/jlecour/elixir-getting-started/kv/lib/ace.jar
[2015-09-28 08:55:58,068] <UniFi> ERROR system - [exec] error, rc=1, output=Error: Unable to access jarfile /Users/jlecour/Sandbox/jlecour/elixir-getting-started/kv/lib/ace.jar
[2015-09-28 08:55:59,073] <UniFi> ERROR system - [exec] error, rc=1, output=Error: Unable to access jarfile /Users/jlecour/Sandbox/jlecour/elixir-getting-started/kv/lib/ace.jar
[2015-09-28 08:56:00,075] <UniFi> ERROR system - [exec] error, rc=1, output=Error: Unable to access jarfile /Users/jlecour/Sandbox/jlecour/elixir-getting-started/kv/lib/ace.jar
[2015-09-28 08:56:01,079] <UniFi> ERROR system - [exec] error, rc=1, output=Error: Unable to access jarfile /Users/jlecour/Sandbox/jlecour/elixir-getting-started/kv/lib/ace.jar
[2015-09-28 08:56:02,083] <UniFi> ERROR system - [exec] error, rc=1, output=Error: Unable to access jarfile /Users/jlecour/Sandbox/jlecour/elixir-getting-started/kv/lib/ace.jar
[2015-09-28 08:56:03,080] <UniFi> ERROR system - [exec] error, rc=1, output=Error: Unable to access jarfile /Users/jlecour/Sandbox/jlecour/elixir-getting-started/kv/lib/ace.jar
[2015-09-28 08:56:04,086] <UniFi> ERROR system - [exec] error, rc=1, output=Error: Unable to access jarfile /Users/jlecour/Sandbox/jlecour/elixir-getting-started/kv/lib/ace.jar
[2015-09-28 08:56:05,089] <UniFi> ERROR system - [exec] error, rc=1, output=Error: Unable to access jarfile /Users/jlecour/Sandbox/jlecour/elixir-getting-started/kv/lib/ace.jar
[2015-09-28 08:56:06,093] <UniFi> ERROR system - [exec] error, rc=1, output=Error: Unable to access jarfile /Users/jlecour/Sandbox/jlecour/elixir-getting-started/kv/lib/ace.jar
[2015-09-28 08:56:07,098] <UniFi> ERROR system - [exec] error, rc=1, output=Error: Unable to access jarfile /Users/jlecour/Sandbox/jlecour/elixir-getting-started/kv/lib/ace.jar
[2015-09-28 08:56:08,099] <UniFi> ERROR system - [exec] error, rc=1, output=Error: Unable to access jarfile /Users/jlecour/Sandbox/jlecour/elixir-getting-started/kv/lib/ace.jar
[2015-09-28 08:56:09,100] <UniFi> ERROR system - [exec] error, rc=1, output=Error: Unable to access jarfile /Users/jlecour/Sandbox/jlecour/elixir-getting-started/kv/lib/ace.jar
[2015-09-28 08:56:10,107] <UniFi> ERROR system - [exec] error, rc=1, output=Error: Unable to access jarfile /Users/jlecour/Sandbox/jlecour/elixir-getting-started/kv/lib/ace.jar
[2015-09-28 08:56:11,114] <UniFi> ERROR system - [exec] error, rc=1, output=Error: Unable to access jarfile /Users/jlecour/Sandbox/jlecour/elixir-getting-started/kv/lib/ace.jar
[2015-09-28 08:56:12,110] <UniFi> ERROR system - [exec] error, rc=1, output=Error: Unable to access jarfile /Users/jlecour/Sandbox/jlecour/elixir-getting-started/kv/lib/ace.jar
[2015-09-28 08:56:13,117] <UniFi> ERROR system - [exec] error, rc=1, output=Error: Unable to access jarfile /Users/jlecour/Sandbox/jlecour/elixir-getting-started/kv/lib/ace.jar
[2015-09-28 08:56:14,118] <UniFi> ERROR system - [exec] error, rc=1, output=Error: Unable to access jarfile /Users/jlecour/Sandbox/jlecour/elixir-getting-started/kv/lib/ace.jar
[2015-09-28 08:56:15,125] <UniFi> ERROR system - [exec] error, rc=1, output=Error: Unable to access jarfile /Users/jlecour/Sandbox/jlecour/elixir-getting-started/kv/lib/ace.jar
[2015-09-28 08:56:16,130] <UniFi> ERROR system - [exec] error, rc=1, output=Error: Unable to access jarfile /Users/jlecour/Sandbox/jlecour/elixir-getting-started/kv/lib/ace.jar
[2015-09-28 08:56:17,134] <UniFi> ERROR system - [exec] error, rc=1, output=Error: Unable to access jarfile /Users/jlecour/Sandbox/jlecour/elixir-getting-started/kv/lib/ace.jar
[2015-09-28 08:56:18,140] <UniFi> ERROR system - [exec] error, rc=1, output=Error: Unable to access jarfile /Users/jlecour/Sandbox/jlecour/elixir-getting-started/kv/lib/ace.jar
[2015-09-28 08:56:19,140] <UniFi> ERROR system - [exec] error, rc=1, output=Error: Unable to access jarfile /Users/jlecour/Sandbox/jlecour/elixir-getting-started/kv/lib/ace.jar
[2015-09-28 08:56:20,145] <UniFi> ERROR system - [exec] error, rc=1, output=Error: Unable to access jarfile /Users/jlecour/Sandbox/jlecour/elixir-getting-started/kv/lib/ace.jar
[2015-09-28 08:56:21,149] <UniFi> ERROR system - [exec] error, rc=1, output=Error: Unable to access jarfile /Users/jlecour/Sandbox/jlecour/elixir-getting-started/kv/lib/ace.jar
[2015-09-28 08:56:22,155] <UniFi> ERROR system - [exec] error, rc=1, output=Error: Unable to access jarfile /Users/jlecour/Sandbox/jlecour/elixir-getting-started/kv/lib/ace.jar
[2015-09-28 08:56:23,157] <UniFi> ERROR system - [exec] error, rc=1, output=Error: Unable to access jarfile /Users/jlecour/Sandbox/jlecour/elixir-getting-started/kv/lib/ace.jar
[2015-09-28 08:56:24,162] <UniFi> ERROR system - [exec] error, rc=1, output=Error: Unable to access jarfile /Users/jlecour/Sandbox/jlecour/elixir-getting-started/kv/lib/ace.jar
[2015-09-28 08:56:25,166] <UniFi> ERROR system - [exec] error, rc=1, output=Error: Unable to access jarfile /Users/jlecour/Sandbox/jlecour/elixir-getting-started/kv/lib/ace.jar
[2015-09-28 08:56:26,171] <UniFi> ERROR system - [exec] error, rc=1, output=Error: Unable to access jarfile /Users/jlecour/Sandbox/jlecour/elixir-getting-started/kv/lib/ace.jar
[2015-09-28 08:56:27,174] <UniFi> ERROR system - [exec] error, rc=1, output=Error: Unable to access jarfile /Users/jlecour/Sandbox/jlecour/elixir-getting-started/kv/lib/ace.jar
[2015-09-28 08:56:28,181] <UniFi> ERROR system - [exec] error, rc=1, output=Error: Unable to access jarfile /Users/jlecour/Sandbox/jlecour/elixir-getting-started/kv/lib/ace.jar
[2015-09-28 08:56:29,182] <UniFi> ERROR system - [exec] error, rc=1, output=Error: Unable to access jarfile /Users/jlecour/Sandbox/jlecour/elixir-getting-started/kv/lib/ace.jar
[2015-09-28 08:56:30,186] <UniFi> ERROR system - [exec] error, rc=1, output=Error: Unable to access jarfile /Users/jlecour/Sandbox/jlecour/elixir-getting-started/kv/lib/ace.jar
[2015-09-28 08:56:31,191] <UniFi> ERROR system - [exec] error, rc=1, output=Error: Unable to access jarfile /Users/jlecour/Sandbox/jlecour/elixir-getting-started/kv/lib/ace.jar
[2015-09-28 08:56:32,193] <UniFi> ERROR system - [exec] error, rc=1, output=Error: Unable to access jarfile /Users/jlecour/Sandbox/jlecour/elixir-getting-started/kv/lib/ace.jar
[2015-09-28 08:56:33,197] <UniFi> ERROR system - [exec] error, rc=1, output=Error: Unable to access jarfile /Users/jlecour/Sandbox/jlecour/elixir-getting-started/kv/lib/ace.jar
[2015-09-28 08:56:34,203] <UniFi> ERROR system - [exec] error, rc=1, output=Error: Unable to access jarfile /Users/jlecour/Sandbox/jlecour/elixir-getting-started/kv/lib/ace.jar
[2015-09-28 08:56:35,209] <UniFi> ERROR system - [exec] error, rc=1, output=Error: Unable to access jarfile /Users/jlecour/Sandbox/jlecour/elixir-getting-started/kv/lib/ace.jar
[2015-09-28 08:56:36,213] <UniFi> ERROR system - [exec] error, rc=1, output=Error: Unable to access jarfile /Users/jlecour/Sandbox/jlecour/elixir-getting-started/kv/lib/ace.jar
[2015-09-28 08:56:37,214] <UniFi> ERROR system - [exec] error, rc=1, output=Error: Unable to access jarfile /Users/jlecour/Sandbox/jlecour/elixir-getting-started/kv/lib/ace.jar
[2015-09-28 08:56:38,214] <UniFi> ERROR system - [exec] error, rc=1, output=Error: Unable to access jarfile /Users/jlecour/Sandbox/jlecour/elixir-getting-started/kv/lib/ace.jar
[2015-09-28 08:56:39,216] <UniFi> ERROR system - [exec] error, rc=1, output=Error: Unable to access jarfile /Users/jlecour/Sandbox/jlecour/elixir-getting-started/kv/lib/ace.jar
[2015-09-28 08:56:40,221] <UniFi> ERROR system - [exec] error, rc=1, output=Error: Unable to access jarfile /Users/jlecour/Sandbox/jlecour/elixir-getting-started/kv/lib/ace.jar
[2015-09-28 08:56:41,223] <UniFi> ERROR system - [exec] error, rc=1, output=Error: Unable to access jarfile /Users/jlecour/Sandbox/jlecour/elixir-getting-started/kv/lib/ace.jar
[2015-09-28 08:56:42,226] <UniFi> ERROR system - [exec] error, rc=1, output=Error: Unable to access jarfile /Users/jlecour/Sandbox/jlecour/elixir-getting-started/kv/lib/ace.jar
[2015-09-28 08:56:43,228] <UniFi> ERROR system - [exec] error, rc=1, output=Error: Unable to access jarfile /Users/jlecour/Sandbox/jlecour/elixir-getting-started/kv/lib/ace.jar
[2015-09-28 08:56:44,232] <UniFi> ERROR system - [exec] error, rc=1, output=Error: Unable to access jarfile /Users/jlecour/Sandbox/jlecour/elixir-getting-started/kv/lib/ace.jar
[2015-09-28 08:56:45,229] <UniFi> ERROR system - [exec] error, rc=1, output=Error: Unable to access jarfile /Users/jlecour/Sandbox/jlecour/elixir-getting-started/kv/lib/ace.jar
[2015-09-28 08:56:46,232] <UniFi> ERROR system - [exec] error, rc=1, output=Error: Unable to access jarfile /Users/jlecour/Sandbox/jlecour/elixir-getting-started/kv/lib/ace.jar
[2015-09-28 08:56:47,234] <UniFi> ERROR system - [exec] error, rc=1, output=Error: Unable to access jarfile /Users/jlecour/Sandbox/jlecour/elixir-getting-started/kv/lib/ace.jar
[2015-09-28 08:56:48,238] <UniFi> ERROR system - [exec] error, rc=1, output=Error: Unable to access jarfile /Users/jlecour/Sandbox/jlecour/elixir-getting-started/kv/lib/ace.jar
[2015-09-28 08:56:49,241] <UniFi> ERROR system - [exec] error, rc=1, output=Error: Unable to access jarfile /Users/jlecour/Sandbox/jlecour/elixir-getting-started/kv/lib/ace.jar
[2015-09-28 08:56:50,250] <UniFi> ERROR system - [exec] error, rc=1, output=Error: Unable to access jarfile /Users/jlecour/Sandbox/jlecour/elixir-getting-started/kv/lib/ace.jar
[2015-09-28 08:56:51,247] <UniFi> ERROR system - [exec] error, rc=1, output=Error: Unable to access jarfile /Users/jlecour/Sandbox/jlecour/elixir-getting-started/kv/lib/ace.jar
[2015-09-28 08:56:52,253] <UniFi> ERROR system - [exec] error, rc=1, output=Error: Unable to access jarfile /Users/jlecour/Sandbox/jlecour/elixir-getting-started/kv/lib/ace.jar
[2015-09-28 08:56:53,256] <UniFi> ERROR system - [exec] error, rc=1, output=Error: Unable to access jarfile /Users/jlecour/Sandbox/jlecour/elixir-getting-started/kv/lib/ace.jar
